android/app/build/intermediates/manifest_merge_blame_file/release/processReleaseMainManifest/manifest-merger-blame-release-report.txt
1<?xml version="1.0" encoding="utf-8"?>
2<manifest xmlns:android="http://schemas.android.com/apk/res/android"
3    package="com.aura.companion"
4    android:versionCode="1"
5    android:versionName="0.1.0" >
6
7    <uses-sdk
8        android:minSdkVersion="26"
9        android:targetSdkVersion="35" />
10
11    <uses-permission android:name="android.permission.INTERNET" />
11-->src\main\AndroidManifest.xml:5:5-67
11-->src\main\AndroidManifest.xml:5:22-64
12    <uses-permission android:name="android.permission.ACCESS_NETWORK_STATE" />
12-->src\main\AndroidManifest.xml:6:5-79
12-->src\main\AndroidManifest.xml:6:22-76
13
14    <!--
15        Runtime-requested on Android 13+, and only when the user turns
16        companion notifications on in Settings.
17    -->
18    <uses-permission android:name="android.permission.POST_NOTIFICATIONS" />
18-->src\main\AndroidManifest.xml:12:5-77
18-->src\main\AndroidManifest.xml:12:22-74
19    <uses-permission android:name="android.permission.WAKE_LOCK" />
19-->[androidx.work:work-runtime:2.10.0] AndroidManifest.xml:23:5-68
19-->[androidx.work:work-runtime:2.10.0] AndroidManifest.xml:23:22-65
20    <uses-permission android:name="android.permission.RECEIVE_BOOT_COMPLETED" />
20-->[androidx.work:work-runtime:2.10.0] AndroidManifest.xml:25:5-81
20-->[androidx.work:work-runtime:2.10.0] AndroidManifest.xml:25:22-78
21    <uses-permission android:name="android.permission.FOREGROUND_SERVICE" />
21-->[androidx.work:work-runtime:2.10.0] AndroidManifest.xml:26:5-77
21-->[androidx.work:work-runtime:2.10.0] AndroidManifest.xml:26:22-74
22
23    <permission
23-->[androidx.core:core:1.15.0] AndroidManifest.xml:22:5-24:47
24        android:name="com.aura.companion.DYNAMIC_RECEIVER_NOT_EXPORTED_PERMISSION"
24-->[androidx.core:core:1.15.0] AndroidManifest.xml:23:9-81
25        android:protectionLevel="signature" />
25-->[androidx.core:core:1.15.0] AndroidManifest.xml:24:9-44
26
27    <uses-permission android:name="com.aura.companion.DYNAMIC_RECEIVER_NOT_EXPORTED_PERMISSION" />
27-->[androidx.core:core:1.15.0] AndroidManifest.xml:26:5-97
27-->[androidx.core:core:1.15.0] AndroidManifest.xml:26:22-94
28
29    <application
29-->src\main\AndroidManifest.xml:14:5-74:19
30        android:name="com.aura.companion.AuraApplication"
30-->src\main\AndroidManifest.xml:15:9-40
31        android:allowBackup="false"
31-->src\main\AndroidManifest.xml:16:9-36
32        android:appComponentFactory="androidx.core.app.CoreComponentFactory"
32-->[androidx.core:core:1.15.0] AndroidManifest.xml:28:18-86
33        android:dataExtractionRules="@xml/data_extraction_rules"
33-->src\main\AndroidManifest.xml:17:9-65
34        android:extractNativeLibs="false"
35        android:fullBackupContent="false"
35-->src\main\AndroidManifest.xml:18:9-42
36        android:icon="@mipmap/ic_launcher"
36-->src\main\AndroidManifest.xml:19:9-43
37        android:label="@string/app_name"
37-->src\main\AndroidManifest.xml:20:9-41
38        android:networkSecurityConfig="@xml/network_security_config"
38-->src\main\AndroidManifest.xml:21:9-69
39        android:roundIcon="@mipmap/ic_launcher_round"
39-->src\main\AndroidManifest.xml:22:9-54
40        android:supportsRtl="true"
40-->src\main\AndroidManifest.xml:23:9-35
41        android:theme="@style/Theme.Aura" >
41-->src\main\AndroidManifest.xml:24:9-42
42        <activity
42-->src\main\AndroidManifest.xml:27:9-37:20
43            android:name="com.aura.companion.MainActivity"
43-->src\main\AndroidManifest.xml:28:13-41
44            android:exported="true"
44-->src\main\AndroidManifest.xml:29:13-36
45            android:launchMode="singleTop"
45-->src\main\AndroidManifest.xml:30:13-43
46            android:theme="@style/Theme.Aura"
46-->src\main\AndroidManifest.xml:32:13-46
47            android:windowSoftInputMode="adjustResize" >
47-->src\main\AndroidManifest.xml:31:13-55
48            <intent-filter>
48-->src\main\AndroidManifest.xml:33:13-36:29
49                <action android:name="android.intent.action.MAIN" />
49-->src\main\AndroidManifest.xml:34:17-69
49-->src\main\AndroidManifest.xml:34:25-66
50
51                <category android:name="android.intent.category.LAUNCHER" />
51-->src\main\AndroidManifest.xml:35:17-77
51-->src\main\AndroidManifest.xml:35:27-74
52            </intent-filter>
53        </activity>
54
55        <!--
56            Screen observation.
57
58            BIND_ACCESSIBILITY_SERVICE means only the system may bind this,
59            so no other app can drive it. It does nothing until the user
60            enables it in system settings *and* switches screen observation
61            on inside Aura - the service checks the app-level toggle on
62            every event, so the system-level grant alone sends nothing.
63        -->
64        <service
64-->src\main\AndroidManifest.xml:48:9-59:19
65            android:name="com.aura.companion.screen.ScreenObservationService"
65-->src\main\AndroidManifest.xml:49:13-60
66            android:exported="false"
66-->src\main\AndroidManifest.xml:50:13-37
67            android:label="@string/accessibility_label"
67-->src\main\AndroidManifest.xml:51:13-56
68            android:permission="android.permission.BIND_ACCESSIBILITY_SERVICE" >
68-->src\main\AndroidManifest.xml:52:13-79
69            <intent-filter>
69-->src\main\AndroidManifest.xml:53:13-55:29
70                <action android:name="android.accessibilityservice.AccessibilityService" />
70-->src\main\AndroidManifest.xml:54:17-92
70-->src\main\AndroidManifest.xml:54:25-89
71            </intent-filter>
72
73            <meta-data
73-->src\main\AndroidManifest.xml:56:13-58:72
74                android:name="android.accessibilityservice"
74-->src\main\AndroidManifest.xml:57:17-60
75                android:resource="@xml/accessibility_service_config" />
75-->src\main\AndroidManifest.xml:58:17-69
76        </service>
77        <service
77-->src\main\AndroidManifest.xml:61:9-72:19
78            android:name="com.aura.companion.accessibility.AuraAccessibilityService"
78-->src\main\AndroidManifest.xml:62:13-67
79            android:exported="false"
79-->src\main\AndroidManifest.xml:63:13-37
80            android:label="@string/accessibility_agent_label"
80-->src\main\AndroidManifest.xml:64:13-62
81            android:permission="android.permission.BIND_ACCESSIBILITY_SERVICE" >
81-->src\main\AndroidManifest.xml:65:13-79
82            <intent-filter>
82-->src\main\AndroidManifest.xml:53:13-55:29
83                <action android:name="android.accessibilityservice.AccessibilityService" />
83-->src\main\AndroidManifest.xml:54:17-92
83-->src\main\AndroidManifest.xml:54:25-89
84            </intent-filter>
85
86            <meta-data
86-->src\main\AndroidManifest.xml:56:13-58:72
87                android:name="android.accessibilityservice"
87-->src\main\AndroidManifest.xml:57:17-60
88                android:resource="@xml/aura_accessibility_service" />
88-->src\main\AndroidManifest.xml:58:17-69
89        </service>
90
91        <provider
91-->[androidx.work:work-runtime:2.10.0] AndroidManifest.xml:29:9-37:20
92            android:name="androidx.startup.InitializationProvider"
92-->[androidx.work:work-runtime:2.10.0] AndroidManifest.xml:30:13-67
93            android:authorities="com.aura.companion.androidx-startup"
93-->[androidx.work:work-runtime:2.10.0] AndroidManifest.xml:31:13-68
94            android:exported="false" >
94-->[androidx.work:work-runtime:2.10.0] AndroidManifest.xml:32:13-37
95            <meta-data
95-->[androidx.work:work-runtime:2.10.0] AndroidManifest.xml:34:13-36:52
96                android:name="androidx.work.WorkManagerInitializer"
96-->[androidx.work:work-runtime:2.10.0] AndroidManifest.xml:35:17-68
97                android:value="androidx.startup" />
97-->[androidx.work:work-runtime:2.10.0] AndroidManifest.xml:36:17-49
98            <meta-data
98-->[androidx.emoji2:emoji2:1.3.0] AndroidManifest.xml:29:13-31:52
99                android:name="androidx.emoji2.text.EmojiCompatInitializer"
99-->[androidx.emoji2:emoji2:1.3.0] AndroidManifest.xml:30:17-75
100                android:value="androidx.startup" />
100-->[androidx.emoji2:emoji2:1.3.0] AndroidManifest.xml:31:17-49
101            <meta-data
101-->[androidx.lifecycle:lifecycle-process:2.8.7] AndroidManifest.xml:29:13-31:52
102                android:name="androidx.lifecycle.ProcessLifecycleInitializer"
102-->[androidx.lifecycle:lifecycle-process:2.8.7] AndroidManifest.xml:30:17-78
103                android:value="androidx.startup" />
103-->[androidx.lifecycle:lifecycle-process:2.8.7] AndroidManifest.xml:31:17-49
104            <meta-data
104-->[androidx.profileinstaller:profileinstaller:1.3.1] AndroidManifest.xml:29:13-31:52
105                android:name="androidx.profileinstaller.ProfileInstallerInitializer"
105-->[androidx.profileinstaller:profileinstaller:1.3.1] AndroidManifest.xml:30:17-85
106                android:value="androidx.startup" />
106-->[androidx.profileinstaller:profileinstaller:1.3.1] AndroidManifest.xml:31:17-49
107        </provider>
108
109        <service
109-->[androidx.work:work-runtime:2.10.0] AndroidManifest.xml:39:9-45:35
110            android:name="androidx.work.impl.background.systemalarm.SystemAlarmService"
110-->[androidx.work:work-runtime:2.10.0] AndroidManifest.xml:40:13-88
111            android:directBootAware="false"
111-->[androidx.work:work-runtime:2.10.0] AndroidManifest.xml:41:13-44
112            android:enabled="@bool/enable_system_alarm_service_default"
112-->[androidx.work:work-runtime:2.10.0] AndroidManifest.xml:42:13-72
113            android:exported="false" />
113-->[androidx.work:work-runtime:2.10.0] AndroidManifest.xml:43:13-37
114        <service
114-->[androidx.work:work-runtime:2.10.0] AndroidManifest.xml:46:9-52:35
115            android:name="androidx.work.impl.background.systemjob.SystemJobService"
115-->[androidx.work:work-runtime:2.10.0] AndroidManifest.xml:47:13-84
116            android:directBootAware="false"
116-->[androidx.work:work-runtime:2.10.0] AndroidManifest.xml:48:13-44
117            android:enabled="@bool/enable_system_job_service_default"
117-->[androidx.work:work-runtime:2.10.0] AndroidManifest.xml:49:13-70
118            android:exported="true"
118-->[androidx.work:work-runtime:2.10.0] AndroidManifest.xml:50:13-36
119            android:permission="android.permission.BIND_JOB_SERVICE" />
119-->[androidx.work:work-runtime:2.10.0] AndroidManifest.xml:51:13-69
120        <service
120-->[androidx.work:work-runtime:2.10.0] AndroidManifest.xml:53:9-59:35
121            android:name="androidx.work.impl.foreground.SystemForegroundService"
121-->[androidx.work:work-runtime:2.10.0] AndroidManifest.xml:54:13-81
122            android:directBootAware="false"
122-->[androidx.work:work-runtime:2.10.0] AndroidManifest.xml:55:13-44
123            android:enabled="@bool/enable_system_foreground_service_default"
123-->[androidx.work:work-runtime:2.10.0] AndroidManifest.xml:56:13-77
124            android:exported="false" />
124-->[androidx.work:work-runtime:2.10.0] AndroidManifest.xml:57:13-37
125
126        <receiver
126-->[androidx.work:work-runtime:2.10.0] AndroidManifest.xml:61:9-66:35
127            android:name="androidx.work.impl.utils.ForceStopRunnable$BroadcastReceiver"
127-->[androidx.work:work-runtime:2.10.0] AndroidManifest.xml:62:13-88
128            android:directBootAware="false"
128-->[androidx.work:work-runtime:2.10.0] AndroidManifest.xml:63:13-44
129            android:enabled="true"
129-->[androidx.work:work-runtime:2.10.0] AndroidManifest.xml:64:13-35
130            android:exported="false" />
130-->[androidx.work:work-runtime:2.10.0] AndroidManifest.xml:65:13-37
131        <receiver
131-->[androidx.work:work-runtime:2.10.0] AndroidManifest.xml:67:9-77:20
132            android:name="androidx.work.impl.background.systemalarm.ConstraintProxy$BatteryChargingProxy"
132-->[androidx.work:work-runtime:2.10.0] AndroidManifest.xml:68:13-106
133            android:directBootAware="false"
133-->[androidx.work:work-runtime:2.10.0] AndroidManifest.xml:69:13-44
134            android:enabled="false"
134-->[androidx.work:work-runtime:2.10.0] AndroidManifest.xml:70:13-36
135            android:exported="false" >
135-->[androidx.work:work-runtime:2.10.0] AndroidManifest.xml:71:13-37
136            <intent-filter>
136-->[androidx.work:work-runtime:2.10.0] AndroidManifest.xml:73:13-76:29
137                <action android:name="android.intent.action.ACTION_POWER_CONNECTED" />
137-->[androidx.work:work-runtime:2.10.0] AndroidManifest.xml:74:17-87
137-->[androidx.work:work-runtime:2.10.0] AndroidManifest.xml:74:25-84
138                <action android:name="android.intent.action.ACTION_POWER_DISCONNECTED" />
138-->[androidx.work:work-runtime:2.10.0] AndroidManifest.xml:75:17-90
138-->[androidx.work:work-runtime:2.10.0] AndroidManifest.xml:75:25-87
139            </intent-filter>
140        </receiver>
141        <receiver
141-->[androidx.work:work-runtime:2.10.0] AndroidManifest.xml:78:9-88:20
142            android:name="androidx.work.impl.background.systemalarm.ConstraintProxy$BatteryNotLowProxy"
142-->[androidx.work:work-runtime:2.10.0] AndroidManifest.xml:79:13-104
143            android:directBootAware="false"
143-->[androidx.work:work-runtime:2.10.0] AndroidManifest.xml:80:13-44
144            android:enabled="false"
144-->[androidx.work:work-runtime:2.10.0] AndroidManifest.xml:81:13-36
145            android:exported="false" >
145-->[androidx.work:work-runtime:2.10.0] AndroidManifest.xml:82:13-37
146            <intent-filter>
146-->[androidx.work:work-runtime:2.10.0] AndroidManifest.xml:84:13-87:29
147                <action android:name="android.intent.action.BATTERY_OKAY" />
147-->[androidx.work:work-runtime:2.10.0] AndroidManifest.xml:85:17-77
147-->[androidx.work:work-runtime:2.10.0] AndroidManifest.xml:85:25-74
148                <action android:name="android.intent.action.BATTERY_LOW" />
148-->[androidx.work:work-runtime:2.10.0] AndroidManifest.xml:86:17-76
148-->[androidx.work:work-runtime:2.10.0] AndroidManifest.xml:86:25-73
149            </intent-filter>
150        </receiver>
151        <receiver
151-->[androidx.work:work-runtime:2.10.0] AndroidManifest.xml:89:9-99:20
152            android:name="androidx.work.impl.background.systemalarm.ConstraintProxy$StorageNotLowProxy"
152-->[androidx.work:work-runtime:2.10.0] AndroidManifest.xml:90:13-104
153            android:directBootAware="false"
153-->[androidx.work:work-runtime:2.10.0] AndroidManifest.xml:91:13-44
154            android:enabled="false"
154-->[androidx.work:work-runtime:2.10.0] AndroidManifest.xml:92:13-36
155            android:exported="false" >
155-->[androidx.work:work-runtime:2.10.0] AndroidManifest.xml:93:13-37
156            <intent-filter>
156-->[androidx.work:work-runtime:2.10.0] AndroidManifest.xml:95:13-98:29
157                <action android:name="android.intent.action.DEVICE_STORAGE_LOW" />
157-->[androidx.work:work-runtime:2.10.0] AndroidManifest.xml:96:17-83
157-->[androidx.work:work-runtime:2.10.0] AndroidManifest.xml:96:25-80
158                <action android:name="android.intent.action.DEVICE_STORAGE_OK" />
158-->[androidx.work:work-runtime:2.10.0] AndroidManifest.xml:97:17-82
158-->[androidx.work:work-runtime:2.10.0] AndroidManifest.xml:97:25-79
159            </intent-filter>
160        </receiver>
161        <receiver
161-->[androidx.work:work-runtime:2.10.0] AndroidManifest.xml:100:9-109:20
162            android:name="androidx.work.impl.background.systemalarm.ConstraintProxy$NetworkStateProxy"
162-->[androidx.work:work-runtime:2.10.0] AndroidManifest.xml:101:13-103
163            android:directBootAware="false"
163-->[androidx.work:work-runtime:2.10.0] AndroidManifest.xml:102:13-44
164            android:enabled="false"
164-->[androidx.work:work-runtime:2.10.0] AndroidManifest.xml:103:13-36
165            android:exported="false" >
165-->[androidx.work:work-runtime:2.10.0] AndroidManifest.xml:104:13-37
166            <intent-filter>
166-->[androidx.work:work-runtime:2.10.0] AndroidManifest.xml:106:13-108:29
167                <action android:name="android.net.conn.CONNECTIVITY_CHANGE" />
167-->[androidx.work:work-runtime:2.10.0] AndroidManifest.xml:107:17-79
167-->[androidx.work:work-runtime:2.10.0] AndroidManifest.xml:107:25-76
168            </intent-filter>
169        </receiver>
170        <receiver
170-->[androidx.work:work-runtime:2.10.0] AndroidManifest.xml:110:9-121:20
171            android:name="androidx.work.impl.background.systemalarm.RescheduleReceiver"
171-->[androidx.work:work-runtime:2.10.0] AndroidManifest.xml:111:13-88
172            android:directBootAware="false"
172-->[androidx.work:work-runtime:2.10.0] AndroidManifest.xml:112:13-44
173            android:enabled="false"
173-->[androidx.work:work-runtime:2.10.0] AndroidManifest.xml:113:13-36
174            android:exported="false" >
174-->[androidx.work:work-runtime:2.10.0] AndroidManifest.xml:114:13-37
175            <intent-filter>
175-->[androidx.work:work-runtime:2.10.0] AndroidManifest.xml:116:13-120:29
176                <action android:name="android.intent.action.BOOT_COMPLETED" />
176-->[androidx.work:work-runtime:2.10.0] AndroidManifest.xml:117:17-79
176-->[androidx.work:work-runtime:2.10.0] AndroidManifest.xml:117:25-76
177                <action android:name="android.intent.action.TIME_SET" />
177-->[androidx.work:work-runtime:2.10.0] AndroidManifest.xml:118:17-73
177-->[androidx.work:work-runtime:2.10.0] AndroidManifest.xml:118:25-70
178                <action android:name="android.intent.action.TIMEZONE_CHANGED" />
178-->[androidx.work:work-runtime:2.10.0] AndroidManifest.xml:119:17-81
178-->[androidx.work:work-runtime:2.10.0] AndroidManifest.xml:119:25-78
179            </intent-filter>
180        </receiver>
181        <receiver
181-->[androidx.work:work-runtime:2.10.0] AndroidManifest.xml:122:9-131:20
182            android:name="androidx.work.impl.background.systemalarm.ConstraintProxyUpdateReceiver"
182-->[androidx.work:work-runtime:2.10.0] AndroidManifest.xml:123:13-99
183            android:directBootAware="false"
183-->[androidx.work:work-runtime:2.10.0] AndroidManifest.xml:124:13-44
184            android:enabled="@bool/enable_system_alarm_service_default"
184-->[androidx.work:work-runtime:2.10.0] AndroidManifest.xml:125:13-72
185            android:exported="false" >
185-->[androidx.work:work-runtime:2.10.0] AndroidManifest.xml:126:13-37
186            <intent-filter>
186-->[androidx.work:work-runtime:2.10.0] AndroidManifest.xml:128:13-130:29
187                <action android:name="androidx.work.impl.background.systemalarm.UpdateProxies" />
187-->[androidx.work:work-runtime:2.10.0] AndroidManifest.xml:129:17-98
187-->[androidx.work:work-runtime:2.10.0] AndroidManifest.xml:129:25-95
188            </intent-filter>
189        </receiver>
190        <receiver
190-->[androidx.work:work-runtime:2.10.0] AndroidManifest.xml:132:9-142:20
191            android:name="androidx.work.impl.diagnostics.DiagnosticsReceiver"
191-->[androidx.work:work-runtime:2.10.0] AndroidManifest.xml:133:13-78
192            android:directBootAware="false"
192-->[androidx.work:work-runtime:2.10.0] AndroidManifest.xml:134:13-44
193            android:enabled="true"
193-->[androidx.work:work-runtime:2.10.0] AndroidManifest.xml:135:13-35
194            android:exported="true"
194-->[androidx.work:work-runtime:2.10.0] AndroidManifest.xml:136:13-36
195            android:permission="android.permission.DUMP" >
195-->[androidx.work:work-runtime:2.10.0] AndroidManifest.xml:137:13-57
196            <intent-filter>
196-->[androidx.work:work-runtime:2.10.0] AndroidManifest.xml:139:13-141:29
197                <action android:name="androidx.work.diagnostics.REQUEST_DIAGNOSTICS" />
197-->[androidx.work:work-runtime:2.10.0] AndroidManifest.xml:140:17-88
197-->[androidx.work:work-runtime:2.10.0] AndroidManifest.xml:140:25-85
198            </intent-filter>
199        </receiver>
200        <receiver
200-->[androidx.profileinstaller:profileinstaller:1.3.1] AndroidManifest.xml:34:9-52:20
201            android:name="androidx.profileinstaller.ProfileInstallReceiver"
201-->[androidx.profileinstaller:profileinstaller:1.3.1] AndroidManifest.xml:35:13-76
202            android:directBootAware="false"
202-->[androidx.profileinstaller:profileinstaller:1.3.1] AndroidManifest.xml:36:13-44
203            android:enabled="true"
203-->[androidx.profileinstaller:profileinstaller:1.3.1] AndroidManifest.xml:37:13-35
204            android:exported="true"
204-->[androidx.profileinstaller:profileinstaller:1.3.1] AndroidManifest.xml:38:13-36
205            android:permission="android.permission.DUMP" >
205-->[androidx.profileinstaller:profileinstaller:1.3.1] AndroidManifest.xml:39:13-57
206            <intent-filter>
206-->[androidx.profileinstaller:profileinstaller:1.3.1] AndroidManifest.xml:40:13-42:29
207                <action android:name="androidx.profileinstaller.action.INSTALL_PROFILE" />
207-->[androidx.profileinstaller:profileinstaller:1.3.1] AndroidManifest.xml:41:17-91
207-->[androidx.profileinstaller:profileinstaller:1.3.1] AndroidManifest.xml:41:25-88
208            </intent-filter>
209            <intent-filter>
209-->[androidx.profileinstaller:profileinstaller:1.3.1] AndroidManifest.xml:43:13-45:29
210                <action android:name="androidx.profileinstaller.action.SKIP_FILE" />
210-->[androidx.profileinstaller:profileinstaller:1.3.1] AndroidManifest.xml:44:17-85
210-->[androidx.profileinstaller:profileinstaller:1.3.1] AndroidManifest.xml:44:25-82
211            </intent-filter>
212            <intent-filter>
212-->[androidx.profileinstaller:profileinstaller:1.3.1] AndroidManifest.xml:46:13-48:29
213                <action android:name="androidx.profileinstaller.action.SAVE_PROFILE" />
213-->[androidx.profileinstaller:profileinstaller:1.3.1] AndroidManifest.xml:47:17-88
213-->[androidx.profileinstaller:profileinstaller:1.3.1] AndroidManifest.xml:47:25-85
214            </intent-filter>
215            <intent-filter>
215-->[androidx.profileinstaller:profileinstaller:1.3.1] AndroidManifest.xml:49:13-51:29
216                <action android:name="androidx.profileinstaller.action.BENCHMARK_OPERATION" />
216-->[androidx.profileinstaller:profileinstaller:1.3.1] AndroidManifest.xml:50:17-95
216-->[androidx.profileinstaller:profileinstaller:1.3.1] AndroidManifest.xml:50:25-92
217            </intent-filter>
218        </receiver>
219
220        <service
220-->[androidx.room:room-runtime:2.6.1] AndroidManifest.xml:24:9-28:63
221            android:name="androidx.room.MultiInstanceInvalidationService"
221-->[androidx.room:room-runtime:2.6.1] AndroidManifest.xml:25:13-74
222            android:directBootAware="true"
222-->[androidx.room:room-runtime:2.6.1] AndroidManifest.xml:26:13-43
223            android:exported="false" />
223-->[androidx.room:room-runtime:2.6.1] AndroidManifest.xml:27:13-37
224    </application>
225
226</manifest>